#
# There is insufficient memory for the Java Runtime Environment to continue.
# Native memory allocation (malloc) failed to allocate 380816 bytes for Chunk::new
# Possible reasons:
#   The system is out of physical RAM or swap space
#   In 32 bit mode, the process size limit was hit
# Possible solutions:
#   Reduce memory load on the system
#   Increase physical memory or swap space
#   Check if swap backing store is full
#   Use 64 bit Java on a 64 bit OS
#   Decrease Java heap size (-Xmx/-Xms)
#   Decrease number of Java threads
#   Decrease Java thread stack sizes (-Xss)
#   Set larger code cache with -XX:ReservedCodeCacheSize=
# This output file may be truncated or incomplete.
#
#  Out of Memory Error (allocation.cpp:390), pid=19944, tid=0x0000000000001a98
#
# JRE version: OpenJDK Runtime Environment (8.0) (build 1.8.0-adoptopenjdk-_2018_05_19_00_59-b00)
# Java VM: OpenJDK 64-Bit Server VM (25.71-b00 mixed mode windows-amd64 compressed oops)
# Failed to write core dump. Minidumps are not enabled by default on client versions of Windows
#

---------------  T H R E A D  ---------------

Current thread (0x000000001e76a000):  JavaThread "C2 CompilerThread2" daemon [_thread_in_native, id=6808, stack(0x000000001f130000,0x000000001f230000)]

Stack: [0x000000001f130000,0x000000001f230000]
[error occurred during error reporting (printing stack bounds), id 0xc0000005]

Native frames: (J=compiled Java code, j=interpreted, Vv=VM code, C=native code)


Current CompileTask:
C2:   1184 1353   !   4       com.sun.org.apache.xerces.internal.impl.XMLDocumentFragmentScannerImpl$FragmentContentDriver::next (2346 bytes)


---------------  P R O C E S S  ---------------

Java Threads: ( => current thread )
  0x000000001e7ba800 JavaThread "Service Thread" daemon [_thread_blocked, id=11192, stack(0x000000001f330000,0x000000001f430000)]
  0x000000001e771000 JavaThread "C1 CompilerThread3" daemon [_thread_in_native, id=19252, stack(0x000000001f230000,0x000000001f330000)]
=>0x000000001e76a000 JavaThread "C2 CompilerThread2" daemon [_thread_in_native, id=6808, stack(0x000000001f130000,0x000000001f230000)]
  0x000000001e763000 JavaThread "C2 CompilerThread1" daemon [_thread_in_native, id=18828, stack(0x000000001f030000,0x000000001f130000)]
  0x000000001e760000 JavaThread "C2 CompilerThread0" daemon [_thread_in_native, id=19976, stack(0x000000001ef30000,0x000000001f030000)]
  0x000000001e75f000 JavaThread "Attach Listener" daemon [_thread_blocked, id=18028, stack(0x000000001ee30000,0x000000001ef30000)]
  0x000000001e75e000 JavaThread "Signal Dispatcher" daemon [_thread_blocked, id=16024, stack(0x000000001ed30000,0x000000001ee30000)]
  0x000000001e750800 JavaThread "Finalizer" daemon [_thread_blocked, id=16996, stack(0x000000001eb30000,0x000000001ec30000)]
  0x0000000002fcb000 JavaThread "Reference Handler" daemon [_thread_blocked, id=3444, stack(0x000000001e630000,0x000000001e730000)]
  0x0000000002ed4800 JavaThread "main" [_thread_in_Java, id=20232, stack(0x0000000002d30000,0x0000000002e30000)]

Other Threads:
  0x000000001c857000 VMThread [stack: 0x000000001e530000,0x000000001e630000] [id=3400]
  0x000000001e7bb000 WatcherThread [stack: 0x000000001f430000,0x000000001f530000] [id=17812]

VM state:not at safepoint (normal execution)

VM Mutex/Monitor currently owned by a thread: None

Heap:
 PSYoungGen      total 75264K, used 27489K [0x000000076c180000, 0x0000000771580000, 0x00000007c0000000)
  eden space 64512K, 42% used [0x000000076c180000,0x000000076dc58618,0x0000000770080000)
  from space 10752K, 0% used [0x0000000770b00000,0x0000000770b00000,0x0000000771580000)
  to   space 10752K, 0% used [0x0000000770080000,0x0000000770080000,0x0000000770b00000)
 ParOldGen       total 172032K, used 0K [0x00000006c4400000, 0x00000006cec00000, 0x000000076c180000)
  object space 172032K, 0% used [0x00000006c4400000,0x00000006c4400000,0x00000006cec00000)
 Metaspace       used 13567K, capacity 13812K, committed 14080K, reserved 1060864K
  class space    used 1611K, capacity 1695K, committed 1792K, reserved 1048576K

Card table byte_map: [0x0000000012390000,0x0000000012b70000] byte_map_base: 0x000000000ed6e000

Marking Bits: (ParMarkBitMap*) 0x000000005500be50
 Begin Bits: [0x00000000138b0000, 0x00000000177a0000)
 End Bits:   [0x00000000177a0000, 0x000000001b690000)

Polling page: 0x0000000001510000

CodeCache: size=245760Kb used=4799Kb max_used=4811Kb free=240960Kb
 bounds [0x0000000002fd0000, 0x0000000003490000, 0x0000000011fd0000]
 total_blobs=1753 nmethods=1380 adapters=286
 compilation: enabled

Compilation events (10 events):
Event: 1.175 Thread 0x000000001e771000 1379       3       java.util.regex.Pattern::newSingle (98 bytes)
Event: 1.176 Thread 0x000000001e771000 nmethod 1379 0x000000000347b7d0 code [0x000000000347ba80, 0x000000000347cc28]
Event: 1.176 Thread 0x000000001e771000 1384       3       com.sun.org.apache.xerces.internal.impl.XMLEntityScanner::scanData (1108 bytes)
Event: 1.178 Thread 0x000000001e771000 nmethod 1384 0x000000000347dd10 code [0x000000000347e0a0, 0x000000000347fee8]
Event: 1.178 Thread 0x000000001e771000 1386       3       com.sun.org.apache.xerces.internal.impl.xs.XMLSchemaValidator::addDefaultAttributes (410 bytes)
Event: 1.180 Thread 0x000000001e771000 nmethod 1386 0x0000000003481190 code [0x00000000034814c0, 0x0000000003483608]
Event: 1.180 Thread 0x000000001e771000 1391       3       com.sun.org.apache.xerces.internal.impl.xpath.regex.RegularExpression::match (1844 bytes)
Event: 1.181 Thread 0x000000001e760000 1396       4       com.sun.org.apache.xerces.internal.util.XMLChar::isValid (34 bytes)
Event: 1.182 Thread 0x000000001e760000 nmethod 1396 0x000000000347a050 code [0x000000000347a180, 0x000000000347a218]
Event: 1.182 Thread 0x000000001e760000 1397       4       com.sun.org.apache.xerces.internal.util.XMLAttributesImpl::getIndex (96 bytes)

GC Heap History (0 events):
No events

Deoptimization events (10 events):
Event: 0.654 Thread 0x0000000002ed4800 Uncommon trap: reason=predicate action=maybe_recompile pc=0x000000000324f08c method=java.util.regex.Pattern$Start.match(Ljava/util/regex/Matcher;ILjava/lang/CharSequence;)Z @ 37
Event: 0.654 Thread 0x0000000002ed4800 Uncommon trap: reason=unstable_if action=reinterpret pc=0x000000000322e82c method=java.util.regex.Pattern$BmpCharProperty.match(Ljava/util/regex/Matcher;ILjava/lang/CharSequence;)Z @ 34
Event: 0.716 Thread 0x0000000002ed4800 Uncommon trap: reason=unstable_if action=reinterpret pc=0x00000000032a1f6c method=java.util.HashMap.getNode(ILjava/lang/Object;)Ljava/util/HashMap$Node; @ 129
Event: 0.718 Thread 0x0000000002ed4800 Uncommon trap: reason=unstable_if action=reinterpret pc=0x000000000329ffbc method=java.util.HashMap.getNode(ILjava/lang/Object;)Ljava/util/HashMap$Node; @ 129
Event: 0.735 Thread 0x0000000002ed4800 Uncommon trap: reason=range_check action=make_not_entrant pc=0x00000000032ac8a8 method=sun.reflect.generics.parser.SignatureParser.current()C @ 34
Event: 0.874 Thread 0x0000000002ed4800 Uncommon trap: reason=unstable_if action=reinterpret pc=0x000000000326bb58 method=java.lang.AbstractStringBuilder.append(Ljava/lang/String;)Ljava/lang/AbstractStringBuilder; @ 1
Event: 1.009 Thread 0x0000000002ed4800 Uncommon trap: reason=unstable_if action=reinterpret pc=0x00000000031f85d0 method=java.lang.AbstractStringBuilder.append(Ljava/lang/String;)Ljava/lang/AbstractStringBuilder; @ 1
Event: 1.065 Thread 0x0000000002ed4800 Uncommon trap: reason=unstable_if action=reinterpret pc=0x000000000338c44c method=java.util.regex.Pattern$Ctype.isSatisfiedBy(I)Z @ 4
Event: 1.067 Thread 0x0000000002ed4800 Uncommon trap: reason=unstable_if action=reinterpret pc=0x00000000033a50fc method=java.util.regex.Pattern$NotBehind.match(Ljava/util/regex/Matcher;ILjava/lang/CharSequence;)Z @ 128
Event: 1.109 Thread 0x0000000002ed4800 Uncommon trap: reason=unstable_if action=reinterpret pc=0x00000000033aec34 method=com.sun.org.apache.xerces.internal.impl.XMLEntityScanner.checkBeforeLoad(Lcom/sun/xml/internal/stream/Entity$ScannedEntity;II)I @ 18

Classes redefined (0 events):
No events

Internal exceptions (10 events):
Event: 0.637 Thread 0x0000000002ed4800 Exception <a 'sun/nio/fs/WindowsException'> (0x000000076d1398d0) thrown at [C:\Users\jenkins\workspace\openjdk8_build_x86-64_windows\openjdk\hotspot\src\share\vm\prims\jni.cpp, line 709]
Event: 0.637 Thread 0x0000000002ed4800 Exception <a 'sun/nio/fs/WindowsException'> (0x000000076d13a360) thrown at [C:\Users\jenkins\workspace\openjdk8_build_x86-64_windows\openjdk\hotspot\src\share\vm\prims\jni.cpp, line 709]
Event: 0.638 Thread 0x0000000002ed4800 Exception <a 'sun/nio/fs/WindowsException'> (0x000000076d13aa10) thrown at [C:\Users\jenkins\workspace\openjdk8_build_x86-64_windows\openjdk\hotspot\src\share\vm\prims\jni.cpp, line 709]
Event: 0.663 Thread 0x0000000002ed4800 Exception <a 'java/lang/ClassNotFoundException': com/sun/org/glassfish/hk2/osgiresourcelocator/ServiceLoader> (0x000000076d259948) thrown at [C:\Users\jenkins\workspace\openjdk8_build_x86-64_windows\openjdk\hotspot\src\share\vm\classfile\systemDictionary.
Event: 0.673 Thread 0x0000000002ed4800 Exception <a 'java/lang/NullPointerException'> (0x000000076d2665c8) thrown at [C:\Users\jenkins\workspace\openjdk8_build_x86-64_windows\openjdk\hotspot\src\share\vm\interpreter\linkResolver.cpp, line 1287]
Event: 0.734 Thread 0x0000000002ed4800 Exception <a 'java/lang/ArrayIndexOutOfBoundsException'> (0x000000076d325440) thrown at [C:\Users\jenkins\workspace\openjdk8_build_x86-64_windows\openjdk\hotspot\src\share\vm\runtime\sharedRuntime.cpp, line 605]
Event: 0.735 Thread 0x0000000002ed4800 Exception <a 'java/lang/ArrayIndexOutOfBoundsException'> (0x000000076d326180) thrown at [C:\Users\jenkins\workspace\openjdk8_build_x86-64_windows\openjdk\hotspot\src\share\vm\runtime\sharedRuntime.cpp, line 605]
Event: 0.735 Thread 0x0000000002ed4800 Exception <a 'java/lang/ArrayIndexOutOfBoundsException': 62> (0x000000076d327070) thrown at [C:\Users\jenkins\workspace\openjdk8_build_x86-64_windows\openjdk\hotspot\src\share\vm\interpreter\interpreterRuntime.cpp, line 366]
Event: 0.874 Thread 0x0000000002ed4800 Implicit null exception at 0x000000000326b796 to 0x000000000326bb41
Event: 1.009 Thread 0x0000000002ed4800 Implicit null exception at 0x00000000031f8216 to 0x00000000031f85b9

Events (10 events):
Event: 1.076 loading class java/util/concurrent/Callable
Event: 1.076 loading class java/util/concurrent/Callable done
Event: 1.076 loading class com/sun/xml/internal/bind/v2/runtime/unmarshaller/DefaultIDResolver$1 done
Event: 1.109 Thread 0x0000000002ed4800 Uncommon trap: trap_request=0xffffff65 fr.pc=0x00000000033aec34
Event: 1.109 Thread 0x0000000002ed4800 DEOPT PACKING pc=0x00000000033aec34 sp=0x0000000002e2e290
Event: 1.109 Thread 0x0000000002ed4800 DEOPT UNPACKING pc=0x000000000301557b sp=0x0000000002e2e208 mode 2
Event: 1.120 loading class com/sun/org/apache/xerces/internal/impl/xpath/regex/Op$UnionOp
Event: 1.120 loading class com/sun/org/apache/xerces/internal/impl/xpath/regex/Op$UnionOp done
Event: 1.173 Executing VM operation: ForceSafepoint
Event: 1.173 Executing VM operation: ForceSafepoint done


Dynamic libraries:
0x00007ff613460000 - 0x00007ff613495000 	C:\Program Files\Unity\Hub\Editor\2022.1.20f1\Editor\Data\PlaybackEngines\AndroidPlayer\OpenJDK\bin\java.exe
0x00007ffbd09b0000 - 0x00007ffbd0ba8000 	C:\WINDOWS\SYSTEM32\ntdll.dll
0x00007ffbcf9b0000 - 0x00007ffbcfa6f000 	C:\WINDOWS\System32\KERNEL32.DLL
0x00007ffbce3a0000 - 0x00007ffbce672000 	C:\WINDOWS\System32\KERNELBASE.dll
0x00007ffbd0470000 - 0x00007ffbd051e000 	C:\WINDOWS\System32\ADVAPI32.dll
0x00007ffbd08d0000 - 0x00007ffbd096e000 	C:\WINDOWS\System32\msvcrt.dll
0x00007ffbce9f0000 - 0x00007ffbcea8c000 	C:\WINDOWS\System32\sechost.dll
0x00007ffbd0590000 - 0x00007ffbd06b5000 	C:\WINDOWS\System32\RPCRT4.dll
0x00007ffbd06c0000 - 0x00007ffbd0861000 	C:\WINDOWS\System32\USER32.dll
0x00007ffbce680000 - 0x00007ffbce6a2000 	C:\WINDOWS\System32\win32u.dll
0x00007ffbcec60000 - 0x00007ffbcec8b000 	C:\WINDOWS\System32\GDI32.dll
0x00007ffbce8e0000 - 0x00007ffbce9ef000 	C:\WINDOWS\System32\gdi32full.dll
0x00007ffbce840000 - 0x00007ffbce8dd000 	C:\WINDOWS\System32\msvcp_win.dll
0x00007ffbce740000 - 0x00007ffbce840000 	C:\WINDOWS\System32\ucrtbase.dll
0x00007ffbb7a10000 - 0x00007ffbb7caa000 	C:\WINDOWS\WinSxS\amd64_microsoft.windows.common-controls_6595b64144ccf1df_6.0.19041.1110_none_60b5254171f9507e\COMCTL32.dll
0x00007ffbcfec0000 - 0x00007ffbcfef2000 	C:\WINDOWS\System32\IMM32.DLL
0x0000000055420000 - 0x00000000554f2000 	C:\Program Files\Unity\Hub\Editor\2022.1.20f1\Editor\Data\PlaybackEngines\AndroidPlayer\OpenJDK\jre\bin\msvcr100.dll
0x0000000054840000 - 0x0000000055089000 	C:\Program Files\Unity\Hub\Editor\2022.1.20f1\Editor\Data\PlaybackEngines\AndroidPlayer\OpenJDK\jre\bin\server\jvm.dll
0x00007ffbcec90000 - 0x00007ffbcec98000 	C:\WINDOWS\System32\PSAPI.DLL
0x00007ffbbf9c0000 - 0x00007ffbbf9ca000 	C:\WINDOWS\SYSTEM32\VERSION.dll
0x00007ffbad520000 - 0x00007ffbad547000 	C:\WINDOWS\SYSTEM32\WINMM.dll
0x00007ffbb2540000 - 0x00007ffbb2549000 	C:\WINDOWS\SYSTEM32\WSOCK32.dll
0x00007ffbd0520000 - 0x00007ffbd058b000 	C:\WINDOWS\System32\WS2_32.dll
0x00007ffbb7590000 - 0x00007ffbb759f000 	C:\Program Files\Unity\Hub\Editor\2022.1.20f1\Editor\Data\PlaybackEngines\AndroidPlayer\OpenJDK\jre\bin\verify.dll
0x00007ffb7c210000 - 0x00007ffb7c239000 	C:\Program Files\Unity\Hub\Editor\2022.1.20f1\Editor\Data\PlaybackEngines\AndroidPlayer\OpenJDK\jre\bin\java.dll
0x00007ffba9c30000 - 0x00007ffba9c46000 	C:\Program Files\Unity\Hub\Editor\2022.1.20f1\Editor\Data\PlaybackEngines\AndroidPlayer\OpenJDK\jre\bin\zip.dll
0x00007ffbcf260000 - 0x00007ffbcf9a4000 	C:\WINDOWS\System32\SHELL32.dll
0x00007ffbcbe40000 - 0x00007ffbcc5d2000 	C:\WINDOWS\SYSTEM32\windows.storage.dll
0x00007ffbd0110000 - 0x00007ffbd0465000 	C:\WINDOWS\System32\combase.dll
0x00007ffbcdb00000 - 0x00007ffbcdb30000 	C:\WINDOWS\SYSTEM32\Wldp.dll
0x00007ffbceca0000 - 0x00007ffbced4d000 	C:\WINDOWS\System32\SHCORE.dll
0x00007ffbd0870000 - 0x00007ffbd08c5000 	C:\WINDOWS\System32\shlwapi.dll
0x00007ffbcdfe0000 - 0x00007ffbcdfff000 	C:\WINDOWS\SYSTEM32\profapi.dll
0x00007ffb73f10000 - 0x00007ffb73f2a000 	C:\Program Files\Unity\Hub\Editor\2022.1.20f1\Editor\Data\PlaybackEngines\AndroidPlayer\OpenJDK\jre\bin\net.dll
0x00007ffbcd860000 - 0x00007ffbcd8ca000 	C:\WINDOWS\system32\mswsock.dll
0x00007ffb43ad0000 - 0x00007ffb43ae1000 	C:\Program Files\Unity\Hub\Editor\2022.1.20f1\Editor\Data\PlaybackEngines\AndroidPlayer\OpenJDK\jre\bin\nio.dll

VM Arguments:
jvm_args: -Dfile.encoding=UTF-8 -Dcom.android.sdklib.toolsdir=C:\Program Files\Unity\Hub\Editor\2022.1.20f1\Editor\Data\PlaybackEngines\AndroidPlayer\SDK\tools\bin\\.. 
java_command: com.android.sdklib.tool.sdkmanager.SdkManagerCli --list
java_class_path (initial): C:\Program Files\Unity\Hub\Editor\2022.1.20f1\Editor\Data\PlaybackEngines\AndroidPlayer\SDK\tools\bin\..\lib\dvlib-26.0.0-dev.jar;C:\Program Files\Unity\Hub\Editor\2022.1.20f1\Editor\Data\PlaybackEngines\AndroidPlayer\SDK\tools\bin\..\lib\jimfs-1.1.jar;C:\Program Files\Unity\Hub\Editor\2022.1.20f1\Editor\Data\PlaybackEngines\AndroidPlayer\SDK\tools\bin\..\lib\jsr305-1.3.9.jar;C:\Program Files\Unity\Hub\Editor\2022.1.20f1\Editor\Data\PlaybackEngines\AndroidPlayer\SDK\tools\bin\..\lib\repository-26.0.0-dev.jar;C:\Program Files\Unity\Hub\Editor\2022.1.20f1\Editor\Data\PlaybackEngines\AndroidPlayer\SDK\tools\bin\..\lib\j2objc-annotations-1.1.jar;C:\Program Files\Unity\Hub\Editor\2022.1.20f1\Editor\Data\PlaybackEngines\AndroidPlayer\SDK\tools\bin\..\lib\layoutlib-api-26.0.0-dev.jar;C:\Program Files\Unity\Hub\Editor\2022.1.20f1\Editor\Data\PlaybackEngines\AndroidPlayer\SDK\tools\bin\..\lib\gson-2.3.jar;C:\Program Files\Unity\Hub\Editor\2022.1.20f1\Editor\Data\PlaybackEngines\AndroidPlayer\SDK\tools\bin\..\lib\httpcore-4.2.5.jar;C:\Program Files\Unity\Hub\Editor\2022.1.20f1\Editor\Data\PlaybackEngines\AndroidPlayer\SDK\tools\bin\..\lib\commons-logging-1.1.1.jar;C:\Program Files\Unity\Hub\Editor\2022.1.20f1\Editor\Data\PlaybackEngines\AndroidPlayer\SDK\tools\bin\..\lib\commons-compress-1.12.jar;C:\Program Files\Unity\Hub\Editor\2022.1.20f1\Editor\Data\PlaybackEngines\AndroidPlayer\SDK\tools\bin\..\lib\annotations-26.0.0-dev.jar;C:\Program Files\Unity\Hub\Editor\2022.1.20f1\Editor\Data\PlaybackEngines\AndroidPlayer\SDK\tools\bin\..\lib\error_prone_annotations-2.0.18.jar;C:\Program Files\Unity\Hub\Editor\2022.1.20f1\Editor\Data\PlaybackEngines\AndroidPlayer\SDK\tools\bin\..\lib\animal-sniffer-annotations-1.14.jar;C:\Program Files\Unity\Hub\Editor\2022.1.20f1\Editor\Data\PlaybackEngines\AndroidPlayer\SDK\tools\bin\..\lib\httpclient-4.2.6.jar;C:\Program Files\Unity\Hub\Editor\2022.1.20f1\Editor\Data\PlaybackEngines\AndroidPlayer\SDK\tools\bin\..\lib
Launcher Type: SUN_STANDARD

Environment Variables:
JAVA_HOME=C:\Program Files\Unity\Hub\Editor\2022.1.20f1\Editor\Data\PlaybackEngines\AndroidPlayer\OpenJDK
JAVA_TOOL_OPTIONS=-Dfile.encoding=UTF-8
PATH=C:\WINDOWS\system32;C:\WINDOWS;C:\WINDOWS\System32\Wbem;C:\WINDOWS\System32\WindowsPowerShell\v1.0\;C:\WINDOWS\System32\OpenSSH\;C:\Program Files\nodejs\;C:\Program Files\Wolfram Research\WolframScript\;C:\Program Files\Git\cmd;C:\Users\davidju\AppData\Local\Microsoft\WindowsApps;C:\Users\davidju\AppData\Roaming\npm;C:\Users\davidju\AppData\Local\Programs\Microsoft VS Code\bin;C:\ffmpeg\bin;C:\Program Files\Unity\Hub\Editor\2022.1.20f1\Editor\Data\PlaybackEngines\AndroidPlayer\SDK\platform-tools;C:\Users\davidju\AppData\Local\Programs\Python\Python311\Scripts;
USERNAME=davidju
OS=Windows_NT
PROCESSOR_IDENTIFIER=Intel64 Family 6 Model 140 Stepping 1, GenuineIntel



---------------  S Y S T E M  ---------------

OS: Windows 10.0 , 64 bit Build 19041 (10.0.19041.2364)

CPU:total 8 (initial active 8) (4 cores per cpu, 2 threads per core) family 6 model 140 stepping 1, cmov, cx8, fxsr, mmx, sse, sse2, sse3, ssse3, sse4.1, sse4.2, popcnt, avx, avx2, aes, clmul, erms, 3dnowpref, lzcnt, ht, tsc, tscinvbit, bmi1, bmi2, adx

Memory: 4k page, physical 16492932k(1246164k free), swap 66824580k(148k free)

vm_info: OpenJDK 64-Bit Server VM (25.71-b00) for windows-amd64 JRE (1.8.0-adoptopenjdk-_2018_05_19_00_59-b00), built on May 19 2018 01:02:12 by "jenkins" with MS VC++ 10.0 (VS2010)

time: Wed Feb 01 10:45:47 2023
elapsed time: 1 seconds (0d 0h 0m 1s)

