#
# There is insufficient memory for the Java Runtime Environment to continue.
# Native memory allocation (malloc) failed to allocate 320976 bytes for Chunk::new
# Possible reasons:
#   The system is out of physical RAM or swap space
#   In 32 bit mode, the process size limit was hit
# Possible solutions:
#   Reduce memory load on the system
#   Increase physical memory or swap space
#   Check if swap backing store is full
#   Use 64 bit Java on a 64 bit OS
#   Decrease Java heap size (-Xmx/-Xms)
#   Decrease number of Java threads
#   Decrease Java thread stack sizes (-Xss)
#   Set larger code cache with -XX:ReservedCodeCacheSize=
# This output file may be truncated or incomplete.
#
#  Out of Memory Error (allocation.cpp:390), pid=16356, tid=0x0000000000004c0c
#
# JRE version: OpenJDK Runtime Environment (8.0) (build 1.8.0-adoptopenjdk-_2018_05_19_00_59-b00)
# Java VM: OpenJDK 64-Bit Server VM (25.71-b00 mixed mode windows-amd64 compressed oops)
# Failed to write core dump. Minidumps are not enabled by default on client versions of Windows
#

---------------  T H R E A D  ---------------

Current thread (0x000000001e823000):  JavaThread "C2 CompilerThread0" daemon [_thread_in_native, id=19468, stack(0x000000001eff0000,0x000000001f0f0000)]

Stack: [0x000000001eff0000,0x000000001f0f0000]
[error occurred during error reporting (printing stack bounds), id 0xc0000005]

Native frames: (J=compiled Java code, j=interpreted, Vv=VM code, C=native code)


Current CompileTask:
C2:   3133 2235 %     4       com.sun.xml.internal.bind.v2.runtime.unmarshaller.ValidatingUnmarshaller::text @ 25 (85 bytes)


---------------  P R O C E S S  ---------------

Java Threads: ( => current thread )
  0x000000001faf4800 JavaThread "Keep-Alive-Timer" daemon [_thread_blocked, id=9284, stack(0x0000000020530000,0x0000000020630000)]
  0x000000001e8be800 JavaThread "Service Thread" daemon [_thread_blocked, id=16308, stack(0x000000001f3f0000,0x000000001f4f0000)]
  0x000000001e885000 JavaThread "C1 CompilerThread3" daemon [_thread_in_native, id=19128, stack(0x000000001f2f0000,0x000000001f3f0000)]
  0x000000001e844000 JavaThread "C2 CompilerThread2" daemon [_thread_in_vm, id=11324, stack(0x000000001f1f0000,0x000000001f2f0000)]
  0x000000001e825800 JavaThread "C2 CompilerThread1" daemon [_thread_in_native, id=3128, stack(0x000000001f0f0000,0x000000001f1f0000)]
=>0x000000001e823000 JavaThread "C2 CompilerThread0" daemon [_thread_in_native, id=19468, stack(0x000000001eff0000,0x000000001f0f0000)]
  0x000000001e822000 JavaThread "Attach Listener" daemon [_thread_blocked, id=1832, stack(0x000000001eef0000,0x000000001eff0000)]
  0x000000001e81f000 JavaThread "Signal Dispatcher" daemon [_thread_blocked, id=5056, stack(0x000000001edf0000,0x000000001eef0000)]
  0x000000001e810800 JavaThread "Finalizer" daemon [_thread_blocked, id=15488, stack(0x000000001ebf0000,0x000000001ecf0000)]
  0x0000000002f9b000 JavaThread "Reference Handler" daemon [_thread_blocked, id=15492, stack(0x000000001e6f0000,0x000000001e7f0000)]
  0x0000000002ea4800 JavaThread "main" [_thread_in_vm, id=16364, stack(0x0000000002d40000,0x0000000002e40000)]

Other Threads:
  0x000000001c917000 VMThread [stack: 0x000000001e5f0000,0x000000001e6f0000] [id=15540]
  0x000000001e8bf800 WatcherThread [stack: 0x000000001f4f0000,0x000000001f5f0000] [id=8128]

VM state:not at safepoint (normal execution)

VM Mutex/Monitor currently owned by a thread: None

Heap:
 PSYoungGen      total 75264K, used 55067K [0x000000076c180000, 0x0000000771580000, 0x00000007c0000000)
  eden space 64512K, 85% used [0x000000076c180000,0x000000076f746e80,0x0000000770080000)
  from space 10752K, 0% used [0x0000000770b00000,0x0000000770b00000,0x0000000771580000)
  to   space 10752K, 0% used [0x0000000770080000,0x0000000770080000,0x0000000770b00000)
 ParOldGen       total 172032K, used 0K [0x00000006c4400000, 0x00000006cec00000, 0x000000076c180000)
  object space 172032K, 0% used [0x00000006c4400000,0x00000006c4400000,0x00000006cec00000)
 Metaspace       used 17274K, capacity 17632K, committed 17792K, reserved 1064960K
  class space    used 1980K, capacity 2102K, committed 2176K, reserved 1048576K

Card table byte_map: [0x0000000012450000,0x0000000012c30000] byte_map_base: 0x000000000ee2e000

Marking Bits: (ParMarkBitMap*) 0x000000005500be50
 Begin Bits: [0x0000000013970000, 0x0000000017860000)
 End Bits:   [0x0000000017860000, 0x000000001b750000)

Polling page: 0x0000000001530000

CodeCache: size=245760Kb used=7832Kb max_used=7849Kb free=237928Kb
 bounds [0x0000000003090000, 0x0000000003850000, 0x0000000012090000]
 total_blobs=2656 nmethods=2237 adapters=332
 compilation: enabled

Compilation events (10 events):
Event: 3.101 Thread 0x000000001e823000 2235 %     4       com.sun.xml.internal.bind.v2.runtime.unmarshaller.ValidatingUnmarshaller::text @ 25 (85 bytes)
Event: 3.124 Thread 0x000000001e885000 2239       3       com.sun.org.apache.xerces.internal.util.SymbolTable$Entry::<init> (43 bytes)
Event: 3.124 Thread 0x000000001e885000 nmethod 2239 0x0000000003839390 code [0x0000000003839520, 0x0000000003839a38]
Event: 3.126 Thread 0x000000001e885000 2240       3       sun.reflect.DelegatingConstructorAccessorImpl::setDelegate (6 bytes)
Event: 3.126 Thread 0x000000001e885000 nmethod 2240 0x0000000003816110 code [0x0000000003816260, 0x00000000038163d0]
Event: 3.127 Thread 0x000000001e885000 2241       3       com.sun.org.apache.xerces.internal.util.SymbolTable::addSymbol0 (103 bytes)
Event: 3.128 Thread 0x000000001e885000 nmethod 2241 0x00000000038384d0 code [0x00000000038386c0, 0x0000000003838eb8]
Event: 3.128 Thread 0x000000001e885000 2243       3       com.sun.org.apache.xerces.internal.util.XMLAttributesImpl::getIndex (96 bytes)
Event: 3.129 Thread 0x000000001e885000 nmethod 2243 0x0000000003837b50 code [0x0000000003837ce0, 0x0000000003838258]
Event: 3.129 Thread 0x000000001e885000 2245       3       com.sun.org.apache.xerces.internal.impl.xpath.regex.RegularExpression::match (1844 bytes)

GC Heap History (0 events):
No events

Deoptimization events (10 events):
Event: 3.076 Thread 0x0000000002ea4800 Uncommon trap: reason=unstable_if action=reinterpret pc=0x000000000371f0bc method=com.sun.org.apache.xerces.internal.impl.XMLEntityScanner.peekChar()I @ 14
Event: 3.076 Thread 0x0000000002ea4800 Uncommon trap: reason=unstable_if action=reinterpret pc=0x0000000003649bfc method=com.sun.org.apache.xerces.internal.impl.XMLEntityScanner.peekChar()I @ 14
Event: 3.076 Thread 0x0000000002ea4800 Uncommon trap: reason=unstable_if action=reinterpret pc=0x000000000369e0c0 method=com.sun.org.apache.xerces.internal.impl.io.UTF8Reader.read([CII)I @ 131
Event: 3.076 Thread 0x0000000002ea4800 Uncommon trap: reason=unstable_if action=reinterpret pc=0x0000000003799e1c method=com.sun.xml.internal.bind.v2.runtime.unmarshaller.ValidatingUnmarshaller.text(Ljava/lang/CharSequence;)V @ 13
Event: 3.081 Thread 0x0000000002ea4800 Uncommon trap: reason=unstable_if action=reinterpret pc=0x000000000364d204 method=com.sun.org.apache.xerces.internal.impl.io.UTF8Reader.read([CII)I @ 131
Event: 3.082 Thread 0x0000000002ea4800 Uncommon trap: reason=unstable_if action=reinterpret pc=0x000000000377557c method=com.sun.xml.internal.bind.v2.runtime.unmarshaller.ValidatingUnmarshaller.text(Ljava/lang/CharSequence;)V @ 13
Event: 3.089 Thread 0x0000000002ea4800 Uncommon trap: reason=unstable_if action=reinterpret pc=0x00000000035bb95c method=java.util.regex.Matcher.find()Z @ 34
Event: 3.099 Thread 0x0000000002ea4800 Uncommon trap: reason=unstable_if action=reinterpret pc=0x00000000037a54dc method=com.sun.org.apache.xerces.internal.impl.xpath.regex.RangeToken.match(I)Z @ 4
Event: 3.123 Thread 0x0000000002ea4800 Uncommon trap: reason=unstable_if action=reinterpret pc=0x00000000036ae74c method=com.sun.org.apache.xerces.internal.impl.xpath.regex.RangeToken.match(I)Z @ 4
Event: 3.123 Thread 0x0000000002ea4800 Uncommon trap: reason=unstable_if action=reinterpret pc=0x0000000003738a2c method=com.sun.org.apache.xerces.internal.util.IntStack.ensureCapacity(I)V @ 24

Classes redefined (0 events):
No events

Internal exceptions (10 events):
Event: 1.886 Thread 0x0000000002ea4800 Exception <a 'java/lang/ArrayIndexOutOfBoundsException': 18> (0x000000076e25a748) thrown at [C:\Users\jenkins\workspace\openjdk8_build_x86-64_windows\openjdk\hotspot\src\share\vm\interpreter\interpreterRuntime.cpp, line 366]
Event: 1.886 Thread 0x0000000002ea4800 Exception <a 'java/lang/ArrayIndexOutOfBoundsException': 62> (0x000000076e25b638) thrown at [C:\Users\jenkins\workspace\openjdk8_build_x86-64_windows\openjdk\hotspot\src\share\vm\interpreter\interpreterRuntime.cpp, line 366]
Event: 2.031 Thread 0x0000000002ea4800 Implicit null exception at 0x000000000332bfd6 to 0x000000000332c381
Event: 2.212 Thread 0x0000000002ea4800 Implicit null exception at 0x00000000032aee54 to 0x00000000032af221
Event: 2.581 Thread 0x0000000002ea4800 Exception <a 'sun/nio/fs/WindowsException'> (0x000000076ee25ce0) thrown at [C:\Users\jenkins\workspace\openjdk8_build_x86-64_windows\openjdk\hotspot\src\share\vm\prims\jni.cpp, line 709]
Event: 2.582 Thread 0x0000000002ea4800 Exception <a 'sun/nio/fs/WindowsException'> (0x000000076ee261a8) thrown at [C:\Users\jenkins\workspace\openjdk8_build_x86-64_windows\openjdk\hotspot\src\share\vm\prims\jni.cpp, line 709]
Event: 2.824 Thread 0x0000000002ea4800 Exception <a 'java/lang/ClassNotFoundException': com/sun/org/glassfish/hk2/osgiresourcelocator/ServiceLoader> (0x000000076ee72898) thrown at [C:\Users\jenkins\workspace\openjdk8_build_x86-64_windows\openjdk\hotspot\src\share\vm\classfile\systemDictionary.
Event: 3.035 Thread 0x0000000002ea4800 Exception <a 'java/lang/ClassNotFoundException': com/sun/org/glassfish/hk2/osgiresourcelocator/ServiceLoader> (0x000000076f0a4668) thrown at [C:\Users\jenkins\workspace\openjdk8_build_x86-64_windows\openjdk\hotspot\src\share\vm\classfile\systemDictionary.
Event: 3.099 Thread 0x0000000002ea4800 Implicit null exception at 0x00000000037a2fcd to 0x00000000037a5469
Event: 3.123 Thread 0x0000000002ea4800 Implicit null exception at 0x00000000036ae690 to 0x00000000036ae735

Events (10 events):
Event: 3.089 Thread 0x0000000002ea4800 DEOPT UNPACKING pc=0x00000000030d557b sp=0x0000000002e3e1d8 mode 2
Event: 3.099 Thread 0x0000000002ea4800 Uncommon trap: trap_request=0xffffff65 fr.pc=0x00000000037a54dc
Event: 3.099 Thread 0x0000000002ea4800 DEOPT PACKING pc=0x00000000037a54dc sp=0x0000000002e3dae0
Event: 3.099 Thread 0x0000000002ea4800 DEOPT UNPACKING pc=0x00000000030d557b sp=0x0000000002e3da50 mode 2
Event: 3.123 Thread 0x0000000002ea4800 Uncommon trap: trap_request=0xffffff65 fr.pc=0x00000000036ae74c
Event: 3.123 Thread 0x0000000002ea4800 DEOPT PACKING pc=0x00000000036ae74c sp=0x0000000002e3daa0
Event: 3.123 Thread 0x0000000002ea4800 DEOPT UNPACKING pc=0x00000000030d557b sp=0x0000000002e3da38 mode 2
Event: 3.123 Thread 0x0000000002ea4800 Uncommon trap: trap_request=0xffffff65 fr.pc=0x0000000003738a2c
Event: 3.123 Thread 0x0000000002ea4800 DEOPT PACKING pc=0x0000000003738a2c sp=0x0000000002e3da40
Event: 3.123 Thread 0x0000000002ea4800 DEOPT UNPACKING pc=0x00000000030d557b sp=0x0000000002e3d9c8 mode 2


Dynamic libraries:
0x00007ff613460000 - 0x00007ff613495000 	C:\Program Files\Unity\Hub\Editor\2022.1.20f1\Editor\Data\PlaybackEngines\AndroidPlayer\OpenJDK\bin\java.exe
0x00007ffbd09b0000 - 0x00007ffbd0ba8000 	C:\WINDOWS\SYSTEM32\ntdll.dll
0x00007ffbcf9b0000 - 0x00007ffbcfa6f000 	C:\WINDOWS\System32\KERNEL32.DLL
0x00007ffbce3a0000 - 0x00007ffbce672000 	C:\WINDOWS\System32\KERNELBASE.dll
0x00007ffbd0470000 - 0x00007ffbd051e000 	C:\WINDOWS\System32\ADVAPI32.dll
0x00007ffbd08d0000 - 0x00007ffbd096e000 	C:\WINDOWS\System32\msvcrt.dll
0x00007ffbce9f0000 - 0x00007ffbcea8c000 	C:\WINDOWS\System32\sechost.dll
0x00007ffbd0590000 - 0x00007ffbd06b5000 	C:\WINDOWS\System32\RPCRT4.dll
0x00007ffbd06c0000 - 0x00007ffbd0861000 	C:\WINDOWS\System32\USER32.dll
0x00007ffbce680000 - 0x00007ffbce6a2000 	C:\WINDOWS\System32\win32u.dll
0x00007ffbcec60000 - 0x00007ffbcec8b000 	C:\WINDOWS\System32\GDI32.dll
0x00007ffbce8e0000 - 0x00007ffbce9ef000 	C:\WINDOWS\System32\gdi32full.dll
0x00007ffbce840000 - 0x00007ffbce8dd000 	C:\WINDOWS\System32\msvcp_win.dll
0x00007ffbce740000 - 0x00007ffbce840000 	C:\WINDOWS\System32\ucrtbase.dll
0x00007ffbb7a10000 - 0x00007ffbb7caa000 	C:\WINDOWS\WinSxS\amd64_microsoft.windows.common-controls_6595b64144ccf1df_6.0.19041.1110_none_60b5254171f9507e\COMCTL32.dll
0x00007ffbcfec0000 - 0x00007ffbcfef2000 	C:\WINDOWS\System32\IMM32.DLL
0x0000000055420000 - 0x00000000554f2000 	C:\Program Files\Unity\Hub\Editor\2022.1.20f1\Editor\Data\PlaybackEngines\AndroidPlayer\OpenJDK\jre\bin\msvcr100.dll
0x0000000054840000 - 0x0000000055089000 	C:\Program Files\Unity\Hub\Editor\2022.1.20f1\Editor\Data\PlaybackEngines\AndroidPlayer\OpenJDK\jre\bin\server\jvm.dll
0x00007ffbcec90000 - 0x00007ffbcec98000 	C:\WINDOWS\System32\PSAPI.DLL
0x00007ffbb2540000 - 0x00007ffbb2549000 	C:\WINDOWS\SYSTEM32\WSOCK32.dll
0x00007ffbad520000 - 0x00007ffbad547000 	C:\WINDOWS\SYSTEM32\WINMM.dll
0x00007ffbd0520000 - 0x00007ffbd058b000 	C:\WINDOWS\System32\WS2_32.dll
0x00007ffbbf9c0000 - 0x00007ffbbf9ca000 	C:\WINDOWS\SYSTEM32\VERSION.dll
0x00007ffbb7590000 - 0x00007ffbb759f000 	C:\Program Files\Unity\Hub\Editor\2022.1.20f1\Editor\Data\PlaybackEngines\AndroidPlayer\OpenJDK\jre\bin\verify.dll
0x00007ffb7c210000 - 0x00007ffb7c239000 	C:\Program Files\Unity\Hub\Editor\2022.1.20f1\Editor\Data\PlaybackEngines\AndroidPlayer\OpenJDK\jre\bin\java.dll
0x00007ffba9c30000 - 0x00007ffba9c46000 	C:\Program Files\Unity\Hub\Editor\2022.1.20f1\Editor\Data\PlaybackEngines\AndroidPlayer\OpenJDK\jre\bin\zip.dll
0x00007ffbcf260000 - 0x00007ffbcf9a4000 	C:\WINDOWS\System32\SHELL32.dll
0x00007ffbcbe40000 - 0x00007ffbcc5d2000 	C:\WINDOWS\SYSTEM32\windows.storage.dll
0x00007ffbd0110000 - 0x00007ffbd0465000 	C:\WINDOWS\System32\combase.dll
0x00007ffbcdb00000 - 0x00007ffbcdb30000 	C:\WINDOWS\SYSTEM32\Wldp.dll
0x00007ffbceca0000 - 0x00007ffbced4d000 	C:\WINDOWS\System32\SHCORE.dll
0x00007ffbd0870000 - 0x00007ffbd08c5000 	C:\WINDOWS\System32\shlwapi.dll
0x00007ffbcdfe0000 - 0x00007ffbcdfff000 	C:\WINDOWS\SYSTEM32\profapi.dll
0x00007ffb73f10000 - 0x00007ffb73f2a000 	C:\Program Files\Unity\Hub\Editor\2022.1.20f1\Editor\Data\PlaybackEngines\AndroidPlayer\OpenJDK\jre\bin\net.dll
0x00007ffbcd860000 - 0x00007ffbcd8ca000 	C:\WINDOWS\system32\mswsock.dll
0x00007ffb43ad0000 - 0x00007ffb43ae1000 	C:\Program Files\Unity\Hub\Editor\2022.1.20f1\Editor\Data\PlaybackEngines\AndroidPlayer\OpenJDK\jre\bin\nio.dll
0x00007ffb8a860000 - 0x00007ffb8a884000 	C:\Program Files\Unity\Hub\Editor\2022.1.20f1\Editor\Data\PlaybackEngines\AndroidPlayer\OpenJDK\jre\bin\sunec.dll
0x00007ffbcda50000 - 0x00007ffbcda68000 	C:\WINDOWS\SYSTEM32\CRYPTSP.dll
0x00007ffbcd110000 - 0x00007ffbcd144000 	C:\WINDOWS\system32\rsaenh.dll
0x00007ffbce1c0000 - 0x00007ffbce1e7000 	C:\WINDOWS\System32\bcrypt.dll
0x00007ffbcdf60000 - 0x00007ffbcdf8e000 	C:\WINDOWS\SYSTEM32\USERENV.dll
0x00007ffbce6b0000 - 0x00007ffbce732000 	C:\WINDOWS\System32\bcryptprimitives.dll
0x00007ffbcda70000 - 0x00007ffbcda7c000 	C:\WINDOWS\SYSTEM32\CRYPTBASE.dll
0x00007ffbcd500000 - 0x00007ffbcd53b000 	C:\WINDOWS\SYSTEM32\IPHLPAPI.DLL
0x00007ffbcfc50000 - 0x00007ffbcfc58000 	C:\WINDOWS\System32\NSI.dll
0x00007ffbc74a0000 - 0x00007ffbc74b7000 	C:\WINDOWS\SYSTEM32\dhcpcsvc6.DLL
0x00007ffbc7480000 - 0x00007ffbc749d000 	C:\WINDOWS\SYSTEM32\dhcpcsvc.DLL
0x00007ffbcd550000 - 0x00007ffbcd61a000 	C:\WINDOWS\SYSTEM32\DNSAPI.dll
0x00007ffba7620000 - 0x00007ffba762b000 	C:\Program Files\Unity\Hub\Editor\2022.1.20f1\Editor\Data\PlaybackEngines\AndroidPlayer\OpenJDK\jre\bin\sunmscapi.dll
0x00007ffbce240000 - 0x00007ffbce396000 	C:\WINDOWS\System32\CRYPT32.dll
0x00007ffbc5570000 - 0x00007ffbc557a000 	C:\Windows\System32\rasadhlp.dll
0x00007ffbc8900000 - 0x00007ffbc8980000 	C:\WINDOWS\System32\fwpuclnt.dll

VM Arguments:
jvm_args: -Dfile.encoding=UTF-8 -Dcom.android.sdklib.toolsdir=C:\Program Files\Unity\Hub\Editor\2022.1.20f1\Editor\Data\PlaybackEngines\AndroidPlayer\SDK\tools\bin\\.. 
java_command: com.android.sdklib.tool.sdkmanager.SdkManagerCli --list
java_class_path (initial): C:\Program Files\Unity\Hub\Editor\2022.1.20f1\Editor\Data\PlaybackEngines\AndroidPlayer\SDK\tools\bin\..\lib\dvlib-26.0.0-dev.jar;C:\Program Files\Unity\Hub\Editor\2022.1.20f1\Editor\Data\PlaybackEngines\AndroidPlayer\SDK\tools\bin\..\lib\jimfs-1.1.jar;C:\Program Files\Unity\Hub\Editor\2022.1.20f1\Editor\Data\PlaybackEngines\AndroidPlayer\SDK\tools\bin\..\lib\jsr305-1.3.9.jar;C:\Program Files\Unity\Hub\Editor\2022.1.20f1\Editor\Data\PlaybackEngines\AndroidPlayer\SDK\tools\bin\..\lib\repository-26.0.0-dev.jar;C:\Program Files\Unity\Hub\Editor\2022.1.20f1\Editor\Data\PlaybackEngines\AndroidPlayer\SDK\tools\bin\..\lib\j2objc-annotations-1.1.jar;C:\Program Files\Unity\Hub\Editor\2022.1.20f1\Editor\Data\PlaybackEngines\AndroidPlayer\SDK\tools\bin\..\lib\layoutlib-api-26.0.0-dev.jar;C:\Program Files\Unity\Hub\Editor\2022.1.20f1\Editor\Data\PlaybackEngines\AndroidPlayer\SDK\tools\bin\..\lib\gson-2.3.jar;C:\Program Files\Unity\Hub\Editor\2022.1.20f1\Editor\Data\PlaybackEngines\AndroidPlayer\SDK\tools\bin\..\lib\httpcore-4.2.5.jar;C:\Program Files\Unity\Hub\Editor\2022.1.20f1\Editor\Data\PlaybackEngines\AndroidPlayer\SDK\tools\bin\..\lib\commons-logging-1.1.1.jar;C:\Program Files\Unity\Hub\Editor\2022.1.20f1\Editor\Data\PlaybackEngines\AndroidPlayer\SDK\tools\bin\..\lib\commons-compress-1.12.jar;C:\Program Files\Unity\Hub\Editor\2022.1.20f1\Editor\Data\PlaybackEngines\AndroidPlayer\SDK\tools\bin\..\lib\annotations-26.0.0-dev.jar;C:\Program Files\Unity\Hub\Editor\2022.1.20f1\Editor\Data\PlaybackEngines\AndroidPlayer\SDK\tools\bin\..\lib\error_prone_annotations-2.0.18.jar;C:\Program Files\Unity\Hub\Editor\2022.1.20f1\Editor\Data\PlaybackEngines\AndroidPlayer\SDK\tools\bin\..\lib\animal-sniffer-annotations-1.14.jar;C:\Program Files\Unity\Hub\Editor\2022.1.20f1\Editor\Data\PlaybackEngines\AndroidPlayer\SDK\tools\bin\..\lib\httpclient-4.2.6.jar;C:\Program Files\Unity\Hub\Editor\2022.1.20f1\Editor\Data\PlaybackEngines\AndroidPlayer\SDK\tools\bin\..\lib
Launcher Type: SUN_STANDARD

Environment Variables:
JAVA_HOME=C:\Program Files\Unity\Hub\Editor\2022.1.20f1\Editor\Data\PlaybackEngines\AndroidPlayer\OpenJDK
JAVA_TOOL_OPTIONS=-Dfile.encoding=UTF-8
PATH=C:\WINDOWS\system32;C:\WINDOWS;C:\WINDOWS\System32\Wbem;C:\WINDOWS\System32\WindowsPowerShell\v1.0\;C:\WINDOWS\System32\OpenSSH\;C:\Program Files\nodejs\;C:\Program Files\Wolfram Research\WolframScript\;C:\Program Files\Git\cmd;C:\Users\davidju\AppData\Local\Microsoft\WindowsApps;C:\Users\davidju\AppData\Roaming\npm;C:\Users\davidju\AppData\Local\Programs\Microsoft VS Code\bin;C:\ffmpeg\bin;C:\Program Files\Unity\Hub\Editor\2022.1.20f1\Editor\Data\PlaybackEngines\AndroidPlayer\SDK\platform-tools;C:\Users\davidju\AppData\Local\Programs\Python\Python311\Scripts;
USERNAME=davidju
OS=Windows_NT
PROCESSOR_IDENTIFIER=Intel64 Family 6 Model 140 Stepping 1, GenuineIntel



---------------  S Y S T E M  ---------------

OS: Windows 10.0 , 64 bit Build 19041 (10.0.19041.2364)

CPU:total 8 (initial active 8) (4 cores per cpu, 2 threads per core) family 6 model 140 stepping 1, cmov, cx8, fxsr, mmx, sse, sse2, sse3, ssse3, sse4.1, sse4.2, popcnt, avx, avx2, aes, clmul, erms, 3dnowpref, lzcnt, ht, tsc, tscinvbit, bmi1, bmi2, adx

Memory: 4k page, physical 16492932k(769804k free), swap 66824580k(2296k free)

vm_info: OpenJDK 64-Bit Server VM (25.71-b00) for windows-amd64 JRE (1.8.0-adoptopenjdk-_2018_05_19_00_59-b00), built on May 19 2018 01:02:12 by "jenkins" with MS VC++ 10.0 (VS2010)

time: Wed Feb 01 10:44:54 2023
elapsed time: 3 seconds (0d 0h 0m 3s)

