#
# There is insufficient memory for the Java Runtime Environment to continue.
# Native memory allocation (malloc) failed to allocate 1048576 bytes for AllocateHeap
# Possible reasons:
#   The system is out of physical RAM or swap space
#   In 32 bit mode, the process size limit was hit
# Possible solutions:
#   Reduce memory load on the system
#   Increase physical memory or swap space
#   Check if swap backing store is full
#   Use 64 bit Java on a 64 bit OS
#   Decrease Java heap size (-Xmx/-Xms)
#   Decrease number of Java threads
#   Decrease Java thread stack sizes (-Xss)
#   Set larger code cache with -XX:ReservedCodeCacheSize=
# This output file may be truncated or incomplete.
#
#  Out of Memory Error (memory/allocation.inline.hpp:61), pid=1760, tid=0x0000000000002fe0
#
# JRE version:  (8.0) (build )
# Java VM: OpenJDK 64-Bit Server VM (25.71-b00 mixed mode windows-amd64 compressed oops)
# Failed to write core dump. Minidumps are not enabled by default on client versions of Windows
#

---------------  T H R E A D  ---------------

Current thread (0x00000000024d2800):  JavaThread "Unknown thread" [_thread_in_vm, id=12256, stack(0x00000000023c0000,0x00000000024c0000)]

Stack: [0x00000000023c0000,0x00000000024c0000]
[error occurred during error reporting (printing stack bounds), id 0xc0000005]

Native frames: (J=compiled Java code, j=interpreted, Vv=VM code, C=native code)


---------------  P R O C E S S  ---------------

Java Threads: ( => current thread )

Other Threads:

=>0x00000000024d2800 (exited) JavaThread "Unknown thread" [_thread_in_vm, id=12256, stack(0x00000000023c0000,0x00000000024c0000)]

VM state:not at safepoint (normal execution)

VM Mutex/Monitor currently owned by a thread: None

Heap:
 PSYoungGen      total 75264K, used 1290K [0x000000076c180000, 0x0000000771580000, 0x00000007c0000000)
  eden space 64512K, 2% used [0x000000076c180000,0x000000076c2c2900,0x0000000770080000)
  from space 10752K, 0% used [0x0000000770b00000,0x0000000770b00000,0x0000000771580000)
  to   space 10752K, 0% used [0x0000000770080000,0x0000000770080000,0x0000000770b00000)
 ParOldGen       total 172032K, used 0K [0x00000006c4400000, 0x00000006cec00000, 0x000000076c180000)
  object space 172032K, 0% used [0x00000006c4400000,0x00000006c4400000,0x00000006cec00000)
 Metaspace       used 777K, capacity 4480K, committed 4480K, reserved 1056768K
  class space    used 74K, capacity 384K, committed 384K, reserved 1048576K

Card table byte_map: [0x00000000119a0000,0x0000000012180000] byte_map_base: 0x000000000e37e000

Marking Bits: (ParMarkBitMap*) 0x000000005500be50
 Begin Bits: [0x0000000012ec0000, 0x0000000016db0000)
 End Bits:   [0x0000000016db0000, 0x000000001aca0000)

Polling page: 0x0000000002320000

CodeCache: size=245760Kb used=328Kb max_used=328Kb free=245431Kb
 bounds [0x00000000025e0000, 0x0000000002850000, 0x00000000115e0000]
 total_blobs=57 nmethods=0 adapters=38
 compilation: enabled

Compilation events (0 events):
No events

GC Heap History (0 events):
No events

Deoptimization events (0 events):
No events

Classes redefined (0 events):
No events

Internal exceptions (0 events):
No events

Events (10 events):
Event: 0.027 loading class java/lang/Short
Event: 0.027 loading class java/lang/Short done
Event: 0.027 loading class java/lang/Integer
Event: 0.027 loading class java/lang/Integer done
Event: 0.027 loading class java/lang/Long
Event: 0.027 loading class java/lang/Long done
Event: 0.028 loading class java/lang/NullPointerException
Event: 0.028 loading class java/lang/NullPointerException done
Event: 0.028 loading class java/lang/ArithmeticException
Event: 0.028 loading class java/lang/ArithmeticException done


Dynamic libraries:
0x00007ff613460000 - 0x00007ff613495000 	C:\Program Files\Unity\Hub\Editor\2022.1.20f1\Editor\Data\PlaybackEngines\AndroidPlayer\OpenJDK\bin\java.exe
0x00007ffbd09b0000 - 0x00007ffbd0ba8000 	C:\WINDOWS\SYSTEM32\ntdll.dll
0x00007ffbcf9b0000 - 0x00007ffbcfa6f000 	C:\WINDOWS\System32\KERNEL32.DLL
0x00007ffbce3a0000 - 0x00007ffbce672000 	C:\WINDOWS\System32\KERNELBASE.dll
0x00007ffbd0470000 - 0x00007ffbd051e000 	C:\WINDOWS\System32\ADVAPI32.dll
0x00007ffbd08d0000 - 0x00007ffbd096e000 	C:\WINDOWS\System32\msvcrt.dll
0x00007ffbce9f0000 - 0x00007ffbcea8c000 	C:\WINDOWS\System32\sechost.dll
0x00007ffbd0590000 - 0x00007ffbd06b5000 	C:\WINDOWS\System32\RPCRT4.dll
0x00007ffbd06c0000 - 0x00007ffbd0861000 	C:\WINDOWS\System32\USER32.dll
0x00007ffbce680000 - 0x00007ffbce6a2000 	C:\WINDOWS\System32\win32u.dll
0x00007ffbcec60000 - 0x00007ffbcec8b000 	C:\WINDOWS\System32\GDI32.dll
0x00007ffbce8e0000 - 0x00007ffbce9ef000 	C:\WINDOWS\System32\gdi32full.dll
0x00007ffbce840000 - 0x00007ffbce8dd000 	C:\WINDOWS\System32\msvcp_win.dll
0x00007ffbce740000 - 0x00007ffbce840000 	C:\WINDOWS\System32\ucrtbase.dll
0x00007ffbb7a10000 - 0x00007ffbb7caa000 	C:\WINDOWS\WinSxS\amd64_microsoft.windows.common-controls_6595b64144ccf1df_6.0.19041.1110_none_60b5254171f9507e\COMCTL32.dll
0x00007ffbcfec0000 - 0x00007ffbcfef2000 	C:\WINDOWS\System32\IMM32.DLL
0x0000000055420000 - 0x00000000554f2000 	C:\Program Files\Unity\Hub\Editor\2022.1.20f1\Editor\Data\PlaybackEngines\AndroidPlayer\OpenJDK\jre\bin\msvcr100.dll
0x0000000054840000 - 0x0000000055089000 	C:\Program Files\Unity\Hub\Editor\2022.1.20f1\Editor\Data\PlaybackEngines\AndroidPlayer\OpenJDK\jre\bin\server\jvm.dll
0x00007ffbcec90000 - 0x00007ffbcec98000 	C:\WINDOWS\System32\PSAPI.DLL
0x00007ffbad520000 - 0x00007ffbad547000 	C:\WINDOWS\SYSTEM32\WINMM.dll
0x00007ffbb2540000 - 0x00007ffbb2549000 	C:\WINDOWS\SYSTEM32\WSOCK32.dll
0x00007ffbbf9c0000 - 0x00007ffbbf9ca000 	C:\WINDOWS\SYSTEM32\VERSION.dll
0x00007ffbd0520000 - 0x00007ffbd058b000 	C:\WINDOWS\System32\WS2_32.dll
0x00007ffbb7590000 - 0x00007ffbb759f000 	C:\Program Files\Unity\Hub\Editor\2022.1.20f1\Editor\Data\PlaybackEngines\AndroidPlayer\OpenJDK\jre\bin\verify.dll
0x00007ffb7c210000 - 0x00007ffb7c239000 	C:\Program Files\Unity\Hub\Editor\2022.1.20f1\Editor\Data\PlaybackEngines\AndroidPlayer\OpenJDK\jre\bin\java.dll
0x00007ffba9c30000 - 0x00007ffba9c46000 	C:\Program Files\Unity\Hub\Editor\2022.1.20f1\Editor\Data\PlaybackEngines\AndroidPlayer\OpenJDK\jre\bin\zip.dll

VM Arguments:
jvm_args: -Dfile.encoding=UTF-8 
java_command: org.gradle.launcher.GradleMain -Dorg.gradle.jvmargs=-Xmx4096m --stop
java_class_path (initial): C:\Program Files\Unity\Hub\Editor\2022.1.20f1\Editor\Data\PlaybackEngines\AndroidPlayer\Tools\gradle\lib\gradle-launcher-6.1.1.jar
Launcher Type: SUN_STANDARD

Environment Variables:
JAVA_HOME=C:\Program Files\Unity\Hub\Editor\2022.1.20f1\Editor\Data\PlaybackEngines\AndroidPlayer\OpenJDK
JAVA_TOOL_OPTIONS=-Dfile.encoding=UTF-8
PATH=C:\WINDOWS\system32;C:\WINDOWS;C:\WINDOWS\System32\Wbem;C:\WINDOWS\System32\WindowsPowerShell\v1.0\;C:\WINDOWS\System32\OpenSSH\;C:\Program Files\nodejs\;C:\Program Files\Wolfram Research\WolframScript\;C:\Program Files\Git\cmd;C:\Users\davidju\AppData\Local\Microsoft\WindowsApps;C:\Users\davidju\AppData\Roaming\npm;C:\Users\davidju\AppData\Local\Programs\Microsoft VS Code\bin;C:\ffmpeg\bin;C:\Program Files\Unity\Hub\Editor\2022.1.20f1\Editor\Data\PlaybackEngines\AndroidPlayer\SDK\platform-tools;C:\Users\davidju\AppData\Local\Programs\Python\Python311\Scripts;
USERNAME=davidju
OS=Windows_NT
PROCESSOR_IDENTIFIER=Intel64 Family 6 Model 140 Stepping 1, GenuineIntel



---------------  S Y S T E M  ---------------

OS: Windows 10.0 , 64 bit Build 19041 (10.0.19041.2364)

CPU:total 8 (initial active 8) (4 cores per cpu, 2 threads per core) family 6 model 140 stepping 1, cmov, cx8, fxsr, mmx, sse, sse2, sse3, ssse3, sse4.1, sse4.2, popcnt, avx, avx2, aes, clmul, erms, 3dnowpref, lzcnt, ht, tsc, tscinvbit, bmi1, bmi2, adx

Memory: 4k page, physical 16492932k(356780k free), swap 66824580k(4452k free)

vm_info: OpenJDK 64-Bit Server VM (25.71-b00) for windows-amd64 JRE (1.8.0-adoptopenjdk-_2018_05_19_00_59-b00), built on May 19 2018 01:02:12 by "jenkins" with MS VC++ 10.0 (VS2010)

time: Wed Feb 01 10:48:03 2023
elapsed time: 0 seconds (0d 0h 0m 0s)

